#
# There is insufficient memory for the Java Runtime Environment to continue.
# Native memory allocation (malloc) failed to allocate 517536 bytes for Chunk::new
# Possible reasons:
#   The system is out of physical RAM or swap space
#   The process is running with CompressedOops enabled, and the Java Heap may be blocking the growth of the native heap
# Possible solutions:
#   Reduce memory load on the system
#   Increase physical memory or swap space
#   Check if swap backing store is full
#   Decrease Java heap size (-Xmx/-Xms)
#   Decrease number of Java threads
#   Decrease Java thread stack sizes (-Xss)
#   Set larger code cache with -XX:ReservedCodeCacheSize=
#   JVM is running with Unscaled Compressed Oops mode in which the Java heap is
#     placed in the first 4GB address space. The Java Heap base address is the
#     maximum limit for the native heap growth. Please use -XX:HeapBaseMinAddress
#     to set the Java Heap base and to place the Java Heap above 4GB virtual address.
# This output file may be truncated or incomplete.
#
#  Out of Memory Error (arena.cpp:168), pid=7724, tid=11172
#
# JRE version: Java(TM) SE Runtime Environment (21.0.2+13) (build 21.0.2+13-LTS-58)
# Java VM: Java HotSpot(TM) 64-Bit Server VM (21.0.2+13-LTS-58, mixed mode, sharing, tiered, compressed oops, compressed class ptrs, g1 gc, windows-amd64)
# No core dump will be written. Minidumps are not enabled by default on client versions of Windows
#

---------------  S U M M A R Y ------------

Command Line: -ea -Didea.test.cyclic.buffer.size=1048576 -javaagent:C:\Program Files\JetBrains\IntelliJ IDEA Community Edition 2023.3.3\lib\idea_rt.jar=57008:C:\Program Files\JetBrains\IntelliJ IDEA Community Edition 2023.3.3\bin -Dfile.encoding=UTF-8 -Dsun.stdout.encoding=UTF-8 -Dsun.stderr.encoding=UTF-8 com.intellij.rt.testng.RemoteTestNGStarter -usedefaultlisteners false -socket57007 @w@C:\Users\Abbey\AppData\Local\Temp\idea_working_dirs_testng.tmp -temp C:\Users\Abbey\AppData\Local\Temp\idea_testng.tmp

Host: Intel(R) Core(TM) m3-7Y30 CPU @ 1.00GHz, 4 cores, 3G,  Windows 10 , 64 bit Build 19041 (10.0.19041.3636)
Time: Sun Mar 24 12:54:09 2024 Arab Standard Time elapsed time: 14.749284 seconds (0d 0h 0m 14s)

---------------  T H R E A D  ---------------

Current thread (0x0000020164621700):  JavaThread "C2 CompilerThread0" daemon [_thread_in_native, id=11172, stack(0x000000b2e7700000,0x000000b2e7800000) (1024K)]


Current CompileTask:
C2:  14749 1688       4       java.lang.invoke.MethodType::makeImpl (109 bytes)

Stack: [0x000000b2e7700000,0x000000b2e7800000]
Native frames: (J=compiled Java code, j=interpreted, Vv=VM code, C=native code)
V  [jvm.dll+0x6cade9]
V  [jvm.dll+0x8569c1]
V  [jvm.dll+0x858d2e]
V  [jvm.dll+0x859413]
V  [jvm.dll+0x280e56]
V  [jvm.dll+0xc3f3d]
V  [jvm.dll+0xc4473]
V  [jvm.dll+0x2f437f]
V  [jvm.dll+0x5f5056]
V  [jvm.dll+0x252d7f]
V  [jvm.dll+0x24b25c]
V  [jvm.dll+0x2490a3]
V  [jvm.dll+0x1c9634]
V  [jvm.dll+0x258859]
V  [jvm.dll+0x256e3a]
V  [jvm.dll+0x3ef6c6]
V  [jvm.dll+0x7ff568]
V  [jvm.dll+0x6c953d]
C  [ucrtbase.dll+0x21bb2]
C  [KERNEL32.DLL+0x17344]
C  [ntdll.dll+0x526b1]


---------------  P R O C E S S  ---------------

Threads class SMR info:
_java_thread_list=0x000002016977c4d0, length=12, elements={
0x0000020149a04a30, 0x000002016460f390, 0x00000201646111b0, 0x0000020164613f10,
0x0000020164614df0, 0x0000020164619c10, 0x000002016461c790, 0x0000020164621700,
0x00000201646294f0, 0x000002016461ba70, 0x000002016461d4b0, 0x000002016461c100
}

Java Threads: ( => current thread )
  0x0000020149a04a30 JavaThread "main"                              [_thread_in_vm, id=17292, stack(0x000000b2e6900000,0x000000b2e6a00000) (1024K)]
  0x000002016460f390 JavaThread "Reference Handler"          daemon [_thread_blocked, id=9320, stack(0x000000b2e7100000,0x000000b2e7200000) (1024K)]
  0x00000201646111b0 JavaThread "Finalizer"                  daemon [_thread_blocked, id=2312, stack(0x000000b2e7200000,0x000000b2e7300000) (1024K)]
  0x0000020164613f10 JavaThread "Signal Dispatcher"          daemon [_thread_blocked, id=15240, stack(0x000000b2e7300000,0x000000b2e7400000) (1024K)]
  0x0000020164614df0 JavaThread "Attach Listener"            daemon [_thread_blocked, id=16280, stack(0x000000b2e7400000,0x000000b2e7500000) (1024K)]
  0x0000020164619c10 JavaThread "Service Thread"             daemon [_thread_blocked, id=7572, stack(0x000000b2e7500000,0x000000b2e7600000) (1024K)]
  0x000002016461c790 JavaThread "Monitor Deflation Thread"   daemon [_thread_blocked, id=11032, stack(0x000000b2e7600000,0x000000b2e7700000) (1024K)]
=>0x0000020164621700 JavaThread "C2 CompilerThread0"         daemon [_thread_in_native, id=11172, stack(0x000000b2e7700000,0x000000b2e7800000) (1024K)]
  0x00000201646294f0 JavaThread "C1 CompilerThread0"         daemon [_thread_blocked, id=11556, stack(0x000000b2e7800000,0x000000b2e7900000) (1024K)]
  0x000002016461ba70 JavaThread "Common-Cleaner"             daemon [_thread_blocked, id=10712, stack(0x000000b2e7900000,0x000000b2e7a00000) (1024K)]
  0x000002016461d4b0 JavaThread "Monitor Ctrl-Break"         daemon [_thread_in_native, id=11164, stack(0x000000b2e7a00000,0x000000b2e7b00000) (1024K)]
  0x000002016461c100 JavaThread "Notification Thread"        daemon [_thread_blocked, id=12424, stack(0x000000b2e7b00000,0x000000b2e7c00000) (1024K)]
Total: 12

Other Threads:
  0x0000020149ac30b0 VMThread "VM Thread"                           [id=944, stack(0x000000b2e7000000,0x000000b2e7100000) (1024K)]
  0x00000201645faa00 WatcherThread "VM Periodic Task Thread"        [id=3364, stack(0x000000b2e6f00000,0x000000b2e7000000) (1024K)]
  0x0000020149a3ea00 WorkerThread "GC Thread#0"                     [id=17224, stack(0x000000b2e6a00000,0x000000b2e6b00000) (1024K)]
  0x00000201692f3400 WorkerThread "GC Thread#1"                     [id=14368, stack(0x000000b2e7c00000,0x000000b2e7d00000) (1024K)]
  0x00000201693c3010 WorkerThread "GC Thread#2"                     [id=6800, stack(0x000000b2e7d00000,0x000000b2e7e00000) (1024K)]
  0x00000201693c33b0 WorkerThread "GC Thread#3"                     [id=11444, stack(0x000000b2e7e00000,0x000000b2e7f00000) (1024K)]
  0x0000020149a473f0 ConcurrentGCThread "G1 Main Marker"            [id=1184, stack(0x000000b2e6b00000,0x000000b2e6c00000) (1024K)]
  0x0000020149a47fb0 WorkerThread "G1 Conc#0"                       [id=16272, stack(0x000000b2e6c00000,0x000000b2e6d00000) (1024K)]
  0x0000020149a990b0 ConcurrentGCThread "G1 Refine#0"               [id=2460, stack(0x000000b2e6d00000,0x000000b2e6e00000) (1024K)]
  0x0000020149a99b30 ConcurrentGCThread "G1 Service"                [id=6860, stack(0x000000b2e6e00000,0x000000b2e6f00000) (1024K)]
Total: 10

Threads with active compile tasks:
C2 CompilerThread0    14826 1688       4       java.lang.invoke.MethodType::makeImpl (109 bytes)
Total: 1

VM state: not at safepoint (normal execution)

VM Mutex/Monitor currently owned by a thread: None

Heap address: 0x00000000c2800000, size: 984 MB, Compressed Oops mode: 32-bit

CDS archive(s) mapped at: [0x0000020100000000-0x0000020100c90000-0x0000020100c90000), size 13172736, SharedBaseAddress: 0x0000020100000000, ArchiveRelocationMode: 1.
Compressed class space mapped at: 0x0000020101000000-0x0000020141000000, reserved size: 1073741824
Narrow klass base: 0x0000020100000000, Narrow klass shift: 0, Narrow klass range: 0x100000000

GC Precious Log:
 CardTable entry size: 512
 Card Set container configuration: InlinePtr #cards 5 size 8 Array Of Cards #cards 12 size 40 Howl #buckets 4 coarsen threshold 1843 Howl Bitmap #cards 512 size 80 coarsen threshold 460 Card regions per heap region 1 cards per card region 2048
 CPUs: 4 total, 4 available
 Memory: 3930M
 Large Page Support: Disabled
 NUMA Support: Disabled
 Compressed Oops: Enabled (32-bit)
 Heap Region Size: 1M
 Heap Min Capacity: 8M
 Heap Initial Capacity: 62M
 Heap Max Capacity: 984M
 Pre-touch: Disabled
 Parallel Workers: 4
 Concurrent Workers: 1
 Concurrent Refinement Workers: 4
 Periodic GC: Disabled

Heap:
 garbage-first heap   total 63488K, used 23612K [0x00000000c2800000, 0x0000000100000000)
  region size 1024K, 19 young (19456K), 2 survivors (2048K)
 Metaspace       used 12447K, committed 12800K, reserved 1114112K
  class space    used 1478K, committed 1664K, reserved 1048576K

Heap Regions: E=young(eden), S=young(survivor), O=old, HS=humongous(starts), HC=humongous(continues), CS=collection set, F=free, TAMS=top-at-mark-start, PB=parsable bottom
|   0|0x00000000c2800000, 0x00000000c2900000, 0x00000000c2900000|100%| O|  |TAMS 0x00000000c2800000| PB 0x00000000c2800000| Untracked 
|   1|0x00000000c2900000, 0x00000000c2a00000, 0x00000000c2a00000|100%| O|  |TAMS 0x00000000c2900000| PB 0x00000000c2900000| Untracked 
|   2|0x00000000c2a00000, 0x00000000c2b00000, 0x00000000c2b00000|100%| O|  |TAMS 0x00000000c2a00000| PB 0x00000000c2a00000| Untracked 
|   3|0x00000000c2b00000, 0x00000000c2c00000, 0x00000000c2c00000|100%| O|  |TAMS 0x00000000c2b00000| PB 0x00000000c2b00000| Untracked 
|   4|0x00000000c2c00000, 0x00000000c2d00000, 0x00000000c2d00000|100%| O|  |TAMS 0x00000000c2c00000| PB 0x00000000c2c00000| Untracked 
|   5|0x00000000c2d00000, 0x00000000c2def0d8, 0x00000000c2e00000| 93%| O|  |TAMS 0x00000000c2d00000| PB 0x00000000c2d00000| Untracked 
|   6|0x00000000c2e00000, 0x00000000c2e00000, 0x00000000c2f00000|  0%| F|  |TAMS 0x00000000c2e00000| PB 0x00000000c2e00000| Untracked 
|   7|0x00000000c2f00000, 0x00000000c2f00000, 0x00000000c3000000|  0%| F|  |TAMS 0x00000000c2f00000| PB 0x00000000c2f00000| Untracked 
|   8|0x00000000c3000000, 0x00000000c3000000, 0x00000000c3100000|  0%| F|  |TAMS 0x00000000c3000000| PB 0x00000000c3000000| Untracked 
|   9|0x00000000c3100000, 0x00000000c3100000, 0x00000000c3200000|  0%| F|  |TAMS 0x00000000c3100000| PB 0x00000000c3100000| Untracked 
|  10|0x00000000c3200000, 0x00000000c3200000, 0x00000000c3300000|  0%| F|  |TAMS 0x00000000c3200000| PB 0x00000000c3200000| Untracked 
|  11|0x00000000c3300000, 0x00000000c3300000, 0x00000000c3400000|  0%| F|  |TAMS 0x00000000c3300000| PB 0x00000000c3300000| Untracked 
|  12|0x00000000c3400000, 0x00000000c3400000, 0x00000000c3500000|  0%| F|  |TAMS 0x00000000c3400000| PB 0x00000000c3400000| Untracked 
|  13|0x00000000c3500000, 0x00000000c3500000, 0x00000000c3600000|  0%| F|  |TAMS 0x00000000c3500000| PB 0x00000000c3500000| Untracked 
|  14|0x00000000c3600000, 0x00000000c3600000, 0x00000000c3700000|  0%| F|  |TAMS 0x00000000c3600000| PB 0x00000000c3600000| Untracked 
|  15|0x00000000c3700000, 0x00000000c3700000, 0x00000000c3800000|  0%| F|  |TAMS 0x00000000c3700000| PB 0x00000000c3700000| Untracked 
|  16|0x00000000c3800000, 0x00000000c3800000, 0x00000000c3900000|  0%| F|  |TAMS 0x00000000c3800000| PB 0x00000000c3800000| Untracked 
|  17|0x00000000c3900000, 0x00000000c3900000, 0x00000000c3a00000|  0%| F|  |TAMS 0x00000000c3900000| PB 0x00000000c3900000| Untracked 
|  18|0x00000000c3a00000, 0x00000000c3a00000, 0x00000000c3b00000|  0%| F|  |TAMS 0x00000000c3a00000| PB 0x00000000c3a00000| Untracked 
|  19|0x00000000c3b00000, 0x00000000c3b00000, 0x00000000c3c00000|  0%| F|  |TAMS 0x00000000c3b00000| PB 0x00000000c3b00000| Untracked 
|  20|0x00000000c3c00000, 0x00000000c3c00000, 0x00000000c3d00000|  0%| F|  |TAMS 0x00000000c3c00000| PB 0x00000000c3c00000| Untracked 
|  21|0x00000000c3d00000, 0x00000000c3d00000, 0x00000000c3e00000|  0%| F|  |TAMS 0x00000000c3d00000| PB 0x00000000c3d00000| Untracked 
|  22|0x00000000c3e00000, 0x00000000c3e00000, 0x00000000c3f00000|  0%| F|  |TAMS 0x00000000c3e00000| PB 0x00000000c3e00000| Untracked 
|  23|0x00000000c3f00000, 0x00000000c3f00000, 0x00000000c4000000|  0%| F|  |TAMS 0x00000000c3f00000| PB 0x00000000c3f00000| Untracked 
|  24|0x00000000c4000000, 0x00000000c4000000, 0x00000000c4100000|  0%| F|  |TAMS 0x00000000c4000000| PB 0x00000000c4000000| Untracked 
|  25|0x00000000c4100000, 0x00000000c4100000, 0x00000000c4200000|  0%| F|  |TAMS 0x00000000c4100000| PB 0x00000000c4100000| Untracked 
|  26|0x00000000c4200000, 0x00000000c4200000, 0x00000000c4300000|  0%| F|  |TAMS 0x00000000c4200000| PB 0x00000000c4200000| Untracked 
|  27|0x00000000c4300000, 0x00000000c4300000, 0x00000000c4400000|  0%| F|  |TAMS 0x00000000c4300000| PB 0x00000000c4300000| Untracked 
|  28|0x00000000c4400000, 0x00000000c4400000, 0x00000000c4500000|  0%| F|  |TAMS 0x00000000c4400000| PB 0x00000000c4400000| Untracked 
|  29|0x00000000c4500000, 0x00000000c4500000, 0x00000000c4600000|  0%| F|  |TAMS 0x00000000c4500000| PB 0x00000000c4500000| Untracked 
|  30|0x00000000c4600000, 0x00000000c4600000, 0x00000000c4700000|  0%| F|  |TAMS 0x00000000c4600000| PB 0x00000000c4600000| Untracked 
|  31|0x00000000c4700000, 0x00000000c4700000, 0x00000000c4800000|  0%| F|  |TAMS 0x00000000c4700000| PB 0x00000000c4700000| Untracked 
|  32|0x00000000c4800000, 0x00000000c4800000, 0x00000000c4900000|  0%| F|  |TAMS 0x00000000c4800000| PB 0x00000000c4800000| Untracked 
|  33|0x00000000c4900000, 0x00000000c4900000, 0x00000000c4a00000|  0%| F|  |TAMS 0x00000000c4900000| PB 0x00000000c4900000| Untracked 
|  34|0x00000000c4a00000, 0x00000000c4a00000, 0x00000000c4b00000|  0%| F|  |TAMS 0x00000000c4a00000| PB 0x00000000c4a00000| Untracked 
|  35|0x00000000c4b00000, 0x00000000c4b00000, 0x00000000c4c00000|  0%| F|  |TAMS 0x00000000c4b00000| PB 0x00000000c4b00000| Untracked 
|  36|0x00000000c4c00000, 0x00000000c4c00000, 0x00000000c4d00000|  0%| F|  |TAMS 0x00000000c4c00000| PB 0x00000000c4c00000| Untracked 
|  37|0x00000000c4d00000, 0x00000000c4d00000, 0x00000000c4e00000|  0%| F|  |TAMS 0x00000000c4d00000| PB 0x00000000c4d00000| Untracked 
|  38|0x00000000c4e00000, 0x00000000c4e00000, 0x00000000c4f00000|  0%| F|  |TAMS 0x00000000c4e00000| PB 0x00000000c4e00000| Untracked 
|  39|0x00000000c4f00000, 0x00000000c4f00000, 0x00000000c5000000|  0%| F|  |TAMS 0x00000000c4f00000| PB 0x00000000c4f00000| Untracked 
|  40|0x00000000c5000000, 0x00000000c5000000, 0x00000000c5100000|  0%| F|  |TAMS 0x00000000c5000000| PB 0x00000000c5000000| Untracked 
|  41|0x00000000c5100000, 0x00000000c5100000, 0x00000000c5200000|  0%| F|  |TAMS 0x00000000c5100000| PB 0x00000000c5100000| Untracked 
|  42|0x00000000c5200000, 0x00000000c5200000, 0x00000000c5300000|  0%| F|  |TAMS 0x00000000c5200000| PB 0x00000000c5200000| Untracked 
|  43|0x00000000c5300000, 0x00000000c5337918, 0x00000000c5400000| 21%| E|  |TAMS 0x00000000c5300000| PB 0x00000000c5300000| Complete 
|  44|0x00000000c5400000, 0x00000000c5500000, 0x00000000c5500000|100%| E|CS|TAMS 0x00000000c5400000| PB 0x00000000c5400000| Complete 
|  45|0x00000000c5500000, 0x00000000c5600000, 0x00000000c5600000|100%| E|CS|TAMS 0x00000000c5500000| PB 0x00000000c5500000| Complete 
|  46|0x00000000c5600000, 0x00000000c5700000, 0x00000000c5700000|100%| E|CS|TAMS 0x00000000c5600000| PB 0x00000000c5600000| Complete 
|  47|0x00000000c5700000, 0x00000000c5800000, 0x00000000c5800000|100%| E|CS|TAMS 0x00000000c5700000| PB 0x00000000c5700000| Complete 
|  48|0x00000000c5800000, 0x00000000c5900000, 0x00000000c5900000|100%| E|CS|TAMS 0x00000000c5800000| PB 0x00000000c5800000| Complete 
|  49|0x00000000c5900000, 0x00000000c59202a0, 0x00000000c5a00000| 12%| S|CS|TAMS 0x00000000c5900000| PB 0x00000000c5900000| Complete 
|  50|0x00000000c5a00000, 0x00000000c5b00000, 0x00000000c5b00000|100%| S|CS|TAMS 0x00000000c5a00000| PB 0x00000000c5a00000| Complete 
|  51|0x00000000c5b00000, 0x00000000c5c00000, 0x00000000c5c00000|100%| E|CS|TAMS 0x00000000c5b00000| PB 0x00000000c5b00000| Complete 
|  52|0x00000000c5c00000, 0x00000000c5d00000, 0x00000000c5d00000|100%| E|CS|TAMS 0x00000000c5c00000| PB 0x00000000c5c00000| Complete 
|  53|0x00000000c5d00000, 0x00000000c5e00000, 0x00000000c5e00000|100%| E|CS|TAMS 0x00000000c5d00000| PB 0x00000000c5d00000| Complete 
|  54|0x00000000c5e00000, 0x00000000c5f00000, 0x00000000c5f00000|100%| E|CS|TAMS 0x00000000c5e00000| PB 0x00000000c5e00000| Complete 
|  55|0x00000000c5f00000, 0x00000000c6000000, 0x00000000c6000000|100%| E|CS|TAMS 0x00000000c5f00000| PB 0x00000000c5f00000| Complete 
|  56|0x00000000c6000000, 0x00000000c6100000, 0x00000000c6100000|100%| E|CS|TAMS 0x00000000c6000000| PB 0x00000000c6000000| Complete 
|  57|0x00000000c6100000, 0x00000000c6200000, 0x00000000c6200000|100%| E|CS|TAMS 0x00000000c6100000| PB 0x00000000c6100000| Complete 
|  58|0x00000000c6200000, 0x00000000c6300000, 0x00000000c6300000|100%| E|CS|TAMS 0x00000000c6200000| PB 0x00000000c6200000| Complete 
|  59|0x00000000c6300000, 0x00000000c6400000, 0x00000000c6400000|100%| E|CS|TAMS 0x00000000c6300000| PB 0x00000000c6300000| Complete 
|  60|0x00000000c6400000, 0x00000000c6500000, 0x00000000c6500000|100%| E|CS|TAMS 0x00000000c6400000| PB 0x00000000c6400000| Complete 
|  61|0x00000000c6500000, 0x00000000c6600000, 0x00000000c6600000|100%| E|CS|TAMS 0x00000000c6500000| PB 0x00000000c6500000| Complete 

Card table byte_map: [0x0000020161060000,0x0000020161250000] _byte_map_base: 0x0000020160a4c000

Marking Bits: (CMBitMap*) 0x0000020149a3f010
 Bits: [0x0000020161250000, 0x00000201621b0000)

Polling page: 0x0000020147940000

Metaspace:

Usage:
  Non-class:     10.71 MB used.
      Class:      1.44 MB used.
       Both:     12.16 MB used.

Virtual space:
  Non-class space:       64.00 MB reserved,      10.88 MB ( 17%) committed,  1 nodes.
      Class space:        1.00 GB reserved,       1.62 MB ( <1%) committed,  1 nodes.
             Both:        1.06 GB reserved,      12.50 MB (  1%) committed. 

Chunk freelists:
   Non-Class:  5.02 MB
       Class:  14.34 MB
        Both:  19.36 MB

MaxMetaspaceSize: unlimited
CompressedClassSpaceSize: 1.00 GB
Initial GC threshold: 21.00 MB
Current GC threshold: 21.00 MB
CDS: on
 - commit_granule_bytes: 65536.
 - commit_granule_words: 8192.
 - virtual_space_node_default_size: 8388608.
 - enlarge_chunks_in_place: 1.
 - use_allocation_guard: 0.


Internal statistics:

num_allocs_failed_limit: 0.
num_arena_births: 376.
num_arena_deaths: 0.
num_vsnodes_births: 2.
num_vsnodes_deaths: 0.
num_space_committed: 200.
num_space_uncommitted: 0.
num_chunks_returned_to_freelist: 0.
num_chunks_taken_from_freelist: 786.
num_chunk_merges: 0.
num_chunk_splits: 480.
num_chunks_enlarged: 261.
num_inconsistent_stats: 0.

CodeHeap 'non-profiled nmethods': size=120000Kb used=614Kb max_used=614Kb free=119385Kb
 bounds [0x0000020159940000, 0x0000020159bb0000, 0x0000020160e70000]
CodeHeap 'profiled nmethods': size=120000Kb used=3235Kb max_used=3235Kb free=116764Kb
 bounds [0x0000020151e70000, 0x00000201521a0000, 0x00000201593a0000]
CodeHeap 'non-nmethods': size=5760Kb used=1452Kb max_used=1470Kb free=4308Kb
 bounds [0x00000201593a0000, 0x0000020159610000, 0x0000020159940000]
 total_blobs=2227 nmethods=1687 adapters=444
 compilation: enabled
              stopped_count=0, restarted_count=0
 full_count=0

Compilation events (20 events):
Event: 14.299 Thread 0x00000201646294f0 nmethod 1678 0x0000020152194e90 code [0x0000020152195060, 0x0000020152195428]
Event: 14.302 Thread 0x00000201646294f0 1679       3       java.lang.Module::isExported (18 bytes)
Event: 14.302 Thread 0x00000201646294f0 nmethod 1679 0x0000020152195590 code [0x0000020152195780, 0x0000020152195b80]
Event: 14.305 Thread 0x00000201646294f0 1680       3       java.lang.invoke.MethodHandleImpl::countNonNull (42 bytes)
Event: 14.306 Thread 0x00000201646294f0 nmethod 1680 0x0000020152195d10 code [0x0000020152195ec0, 0x0000020152196108]
Event: 14.307 Thread 0x00000201646294f0 1681       3       java.lang.invoke.MethodHandle::keepsAlive (49 bytes)
Event: 14.309 Thread 0x00000201646294f0 nmethod 1681 0x0000020152196210 code [0x0000020152196480, 0x0000020152196fd0]
Event: 14.309 Thread 0x00000201646294f0 1682       3       java.lang.invoke.SimpleMethodHandle::speciesData (4 bytes)
Event: 14.309 Thread 0x00000201646294f0 nmethod 1682 0x0000020152197390 code [0x0000020152197520, 0x0000020152197638]
Event: 14.309 Thread 0x00000201646294f0 1683       3       java.util.stream.ReduceOps$Box::<init> (5 bytes)
Event: 14.309 Thread 0x00000201646294f0 nmethod 1683 0x0000020152197710 code [0x00000201521978c0, 0x0000020152197a28]
Event: 14.340 Thread 0x00000201646294f0 1684       3       java.util.stream.ReduceOps$ReduceOp::evaluateSequential (18 bytes)
Event: 14.341 Thread 0x00000201646294f0 nmethod 1684 0x0000020152197b10 code [0x0000020152197d00, 0x0000020152198180]
Event: 14.440 Thread 0x00000201646294f0 1685       3       sun.nio.fs.WindowsPathParser::isSlash (18 bytes)
Event: 14.440 Thread 0x00000201646294f0 nmethod 1685 0x0000020152198290 code [0x0000020152198420, 0x0000020152198598]
Event: 14.605 Thread 0x00000201646294f0 1686       3       java.lang.String::codePointAt (50 bytes)
Event: 14.606 Thread 0x00000201646294f0 nmethod 1686 0x0000020152198610 code [0x0000020152198800, 0x0000020152198c60]
Event: 14.627 Thread 0x0000020164621700 1687       4       java.lang.invoke.MethodType$ConcurrentWeakInternSet::get (47 bytes)
Event: 14.651 Thread 0x0000020164621700 nmethod 1687 0x00000201599d8790 code [0x00000201599d89c0, 0x00000201599d9498]
Event: 14.651 Thread 0x0000020164621700 1688       4       java.lang.invoke.MethodType::makeImpl (109 bytes)

GC Heap History (4 events):
Event: 3.967 GC heap before
{Heap before GC invocations=0 (full 0):
 garbage-first heap   total 63488K, used 12288K [0x00000000c2800000, 0x0000000100000000)
  region size 1024K, 13 young (13312K), 0 survivors (0K)
 Metaspace       used 4820K, committed 4992K, reserved 1114112K
  class space    used 489K, committed 576K, reserved 1048576K
}
Event: 3.980 GC heap after
{Heap after GC invocations=1 (full 0):
 garbage-first heap   total 63488K, used 6105K [0x00000000c2800000, 0x0000000100000000)
  region size 1024K, 2 young (2048K), 2 survivors (2048K)
 Metaspace       used 4820K, committed 4992K, reserved 1114112K
  class space    used 489K, committed 576K, reserved 1048576K
}
Event: 4.522 GC heap before
{Heap before GC invocations=1 (full 0):
 garbage-first heap   total 63488K, used 16345K [0x00000000c2800000, 0x0000000100000000)
  region size 1024K, 13 young (13312K), 2 survivors (2048K)
 Metaspace       used 7454K, committed 7680K, reserved 1114112K
  class space    used 733K, committed 832K, reserved 1048576K
}
Event: 4.531 GC heap after
{Heap after GC invocations=2 (full 0):
 garbage-first heap   total 63488K, used 7228K [0x00000000c2800000, 0x0000000100000000)
  region size 1024K, 2 young (2048K), 2 survivors (2048K)
 Metaspace       used 7454K, committed 7680K, reserved 1114112K
  class space    used 733K, committed 832K, reserved 1048576K
}

Dll operation events (13 events):
Event: 0.026 Loaded shared library C:\Program Files\Java\jdk-21\bin\java.dll
Event: 0.109 Loaded shared library C:\Program Files\Java\jdk-21\bin\jsvml.dll
Event: 0.438 Loaded shared library C:\Program Files\Java\jdk-21\bin\zip.dll
Event: 0.465 Loaded shared library C:\Program Files\Java\jdk-21\bin\instrument.dll
Event: 0.475 Loaded shared library C:\Program Files\Java\jdk-21\bin\net.dll
Event: 0.479 Loaded shared library C:\Program Files\Java\jdk-21\bin\nio.dll
Event: 0.492 Loaded shared library C:\Program Files\Java\jdk-21\bin\zip.dll
Event: 0.521 Loaded shared library C:\Program Files\JetBrains\IntelliJ IDEA Community Edition 2023.3.3\bin\breakgen64.dll
Event: 0.543 Loaded shared library C:\Program Files\Java\jdk-21\bin\extnet.dll
Event: 3.081 Loaded shared library C:\Program Files\Java\jdk-21\bin\verify.dll
Event: 3.093 Loaded shared library C:\Program Files\Java\jdk-21\bin\jimage.dll
Event: 5.929 Loaded shared library C:\Program Files\Java\jdk-21\bin\management.dll
Event: 5.932 Loaded shared library C:\Program Files\Java\jdk-21\bin\management_ext.dll

Deoptimization events (20 events):
Event: 6.084 Thread 0x0000020149a04a30 Uncommon trap: trap_request=0xffffffde fr.pc=0x0000020159997c1c relative=0x000000000000033c
Event: 6.084 Thread 0x0000020149a04a30 Uncommon trap: reason=class_check action=maybe_recompile pc=0x0000020159997c1c method=java.util.regex.Pattern$BmpCharPropertyGreedy.match(Ljava/util/regex/Matcher;ILjava/lang/CharSequence;)Z @ 26 c2
Event: 6.084 Thread 0x0000020149a04a30 DEOPT PACKING pc=0x0000020159997c1c sp=0x000000b2e69fd3f0
Event: 6.084 Thread 0x0000020149a04a30 DEOPT UNPACKING pc=0x00000201593f46a2 sp=0x000000b2e69fd3a8 mode 2
Event: 6.085 Thread 0x0000020149a04a30 Uncommon trap: trap_request=0xffffffde fr.pc=0x0000020159997c1c relative=0x000000000000033c
Event: 6.085 Thread 0x0000020149a04a30 Uncommon trap: reason=class_check action=maybe_recompile pc=0x0000020159997c1c method=java.util.regex.Pattern$BmpCharPropertyGreedy.match(Ljava/util/regex/Matcher;ILjava/lang/CharSequence;)Z @ 26 c2
Event: 6.085 Thread 0x0000020149a04a30 DEOPT PACKING pc=0x0000020159997c1c sp=0x000000b2e69fd1d0
Event: 6.085 Thread 0x0000020149a04a30 DEOPT UNPACKING pc=0x00000201593f46a2 sp=0x000000b2e69fd188 mode 2
Event: 6.139 Thread 0x0000020149a04a30 Uncommon trap: trap_request=0xffffff45 fr.pc=0x000002015995df74 relative=0x0000000000000054
Event: 6.139 Thread 0x0000020149a04a30 Uncommon trap: reason=unstable_if action=reinterpret pc=0x000002015995df74 method=sun.nio.fs.WindowsPathParser.isSlash(C)Z @ 9 c2
Event: 6.139 Thread 0x0000020149a04a30 DEOPT PACKING pc=0x000002015995df74 sp=0x000000b2e69fdb50
Event: 6.139 Thread 0x0000020149a04a30 DEOPT UNPACKING pc=0x00000201593f46a2 sp=0x000000b2e69fdad8 mode 2
Event: 13.287 Thread 0x0000020149a04a30 Uncommon trap: trap_request=0xffffff45 fr.pc=0x00000201599c5390 relative=0x0000000000000cf0
Event: 13.287 Thread 0x0000020149a04a30 Uncommon trap: reason=unstable_if action=reinterpret pc=0x00000201599c5390 method=jdk.internal.org.objectweb.asm.Frame.execute(IILjdk/internal/org/objectweb/asm/Symbol;Ljdk/internal/org/objectweb/asm/SymbolTable;)V @ 1 c2
Event: 13.287 Thread 0x0000020149a04a30 DEOPT PACKING pc=0x00000201599c5390 sp=0x000000b2e69fc5b0
Event: 13.287 Thread 0x0000020149a04a30 DEOPT UNPACKING pc=0x00000201593f46a2 sp=0x000000b2e69fc518 mode 2
Event: 13.713 Thread 0x0000020149a04a30 Uncommon trap: trap_request=0xffffffde fr.pc=0x00000201599ce440 relative=0x0000000000000a80
Event: 13.713 Thread 0x0000020149a04a30 Uncommon trap: reason=class_check action=maybe_recompile pc=0x00000201599ce440 method=java.util.HashMap.putVal(ILjava/lang/Object;Ljava/lang/Object;ZZ)Ljava/lang/Object; @ 203 c2
Event: 13.713 Thread 0x0000020149a04a30 DEOPT PACKING pc=0x00000201599ce440 sp=0x000000b2e69fdaa0
Event: 13.713 Thread 0x0000020149a04a30 DEOPT UNPACKING pc=0x00000201593f46a2 sp=0x000000b2e69fd9e8 mode 2

Classes loaded (20 events):
Event: 13.389 Loading class java/time/DateTimeException done
Event: 13.389 Loading class java/time/format/DateTimeParseException done
Event: 13.548 Loading class java/util/stream/ReduceOps$5
Event: 13.552 Loading class java/util/stream/ReduceOps$5 done
Event: 13.552 Loading class java/util/stream/ReduceOps$CountingSink$OfRef
Event: 13.555 Loading class java/util/stream/ReduceOps$CountingSink
Event: 13.559 Loading class java/util/stream/ReduceOps$CountingSink done
Event: 13.559 Loading class java/util/stream/ReduceOps$CountingSink$OfRef done
Event: 13.768 Loading class sun/reflect/generics/scope/MethodScope
Event: 13.943 Loading class sun/reflect/generics/scope/MethodScope done
Event: 13.962 Loading class sun/reflect/generics/repository/MethodRepository
Event: 13.964 Loading class sun/reflect/generics/repository/ConstructorRepository
Event: 13.971 Loading class sun/reflect/generics/repository/ConstructorRepository done
Event: 13.971 Loading class sun/reflect/generics/repository/MethodRepository done
Event: 13.972 Loading class sun/reflect/generics/tree/VoidDescriptor
Event: 13.985 Loading class sun/reflect/generics/tree/VoidDescriptor done
Event: 13.985 Loading class sun/reflect/generics/tree/MethodTypeSignature
Event: 13.987 Loading class sun/reflect/generics/tree/MethodTypeSignature done
Event: 14.214 Loading class java/math/MathContext
Event: 14.218 Loading class java/math/MathContext done

Classes unloaded (0 events):
No events

Classes redefined (0 events):
No events

Internal exceptions (20 events):
Event: 5.811 Thread 0x0000020149a04a30 Exception <a 'java/lang/NoSuchMethodError'{0x00000000c5ce4538}: 'void java.lang.invoke.DirectMethodHandle$Holder.invokeInterface(java.lang.Object, java.lang.Object)'> (0x00000000c5ce4538) 
thrown [s\open\src\hotspot\share\interpreter\linkResolver.cpp, line 773]
Event: 5.854 Thread 0x0000020149a04a30 Exception <a 'java/lang/IncompatibleClassChangeError'{0x00000000c5b907b0}: Found class java.lang.Object, but interface was expected> (0x00000000c5b907b0) 
thrown [s\open\src\hotspot\share\interpreter\linkResolver.cpp, line 840]
Event: 5.855 Thread 0x0000020149a04a30 Exception <a 'java/lang/NoSuchMethodError'{0x00000000c5b93280}: 'int java.lang.invoke.DirectMethodHandle$Holder.invokeSpecial(java.lang.Object, java.lang.Object, java.lang.Object, java.lang.Object, java.lang.Object)'> (0x00000000c5b93280) 
thrown [s\open\src\hotspot\share\interpreter\linkResolver.cpp, line 773]
Event: 6.006 Thread 0x0000020149a04a30 Exception <a 'java/lang/NoSuchMethodError'{0x00000000c58ed7d8}: 'java.lang.Object java.lang.invoke.DirectMethodHandle$Holder.invokeVirtual(java.lang.Object, java.lang.Object, java.lang.Object)'> (0x00000000c58ed7d8) 
thrown [s\open\src\hotspot\share\interpreter\linkResolver.cpp, line 773]
Event: 6.010 Thread 0x0000020149a04a30 Exception <a 'java/lang/IncompatibleClassChangeError'{0x00000000c58fa328}: Found class java.lang.Object, but interface was expected> (0x00000000c58fa328) 
thrown [s\open\src\hotspot\share\interpreter\linkResolver.cpp, line 840]
Event: 6.011 Thread 0x0000020149a04a30 Exception <a 'java/lang/IncompatibleClassChangeError'{0x00000000c58fd240}: Found class java.lang.Object, but interface was expected> (0x00000000c58fd240) 
thrown [s\open\src\hotspot\share\interpreter\linkResolver.cpp, line 840]
Event: 6.011 Thread 0x0000020149a04a30 Exception <a 'java/lang/IncompatibleClassChangeError'{0x00000000c5700048}: Found class java.lang.Object, but interface was expected> (0x00000000c5700048) 
thrown [s\open\src\hotspot\share\interpreter\linkResolver.cpp, line 840]
Event: 6.012 Thread 0x0000020149a04a30 Exception <a 'java/lang/IncompatibleClassChangeError'{0x00000000c5702f98}: Found class java.lang.Object, but interface was expected> (0x00000000c5702f98) 
thrown [s\open\src\hotspot\share\interpreter\linkResolver.cpp, line 840]
Event: 6.014 Thread 0x0000020149a04a30 Exception <a 'java/lang/IncompatibleClassChangeError'{0x00000000c570eb68}: Found class java.lang.Object, but interface was expected> (0x00000000c570eb68) 
thrown [s\open\src\hotspot\share\interpreter\linkResolver.cpp, line 840]
Event: 6.015 Thread 0x0000020149a04a30 Exception <a 'java/lang/IncompatibleClassChangeError'{0x00000000c57117b0}: Found class java.lang.Object, but interface was expected> (0x00000000c57117b0) 
thrown [s\open\src\hotspot\share\interpreter\linkResolver.cpp, line 840]
Event: 6.127 Thread 0x0000020149a04a30 Exception <a 'java/lang/NoSuchMethodError'{0x00000000c56ffa90}: 'void java.lang.invoke.DirectMethodHandle$Holder.invokeStaticInit(java.lang.Object, java.lang.Object)'> (0x00000000c56ffa90) 
thrown [s\open\src\hotspot\share\interpreter\linkResolver.cpp, line 773]
Event: 6.151 Thread 0x0000020149a04a30 Exception <a 'java/lang/NoSuchMethodError'{0x00000000c5550180}: 'java.lang.Object java.lang.invoke.DirectMethodHandle$Holder.invokeInterface(java.lang.Object, java.lang.Object, java.lang.Object, java.lang.Object)'> (0x00000000c5550180) 
thrown [s\open\src\hotspot\share\interpreter\linkResolver.cpp, line 773]
Event: 6.189 Thread 0x0000020149a04a30 Exception <a 'java/lang/NoSuchMethodError'{0x00000000c5576f68}: 'void java.lang.invoke.DirectMethodHandle$Holder.invokeStatic(java.lang.Object, long)'> (0x00000000c5576f68) 
thrown [s\open\src\hotspot\share\interpreter\linkResolver.cpp, line 773]
Event: 6.190 Thread 0x0000020149a04a30 Exception <a 'java/lang/NoSuchMethodError'{0x00000000c557bcf0}: 'java.lang.Object java.lang.invoke.DirectMethodHandle$Holder.newInvokeSpecial(java.lang.Object, long)'> (0x00000000c557bcf0) 
thrown [s\open\src\hotspot\share\interpreter\linkResolver.cpp, line 773]
Event: 6.194 Thread 0x0000020149a04a30 
Event: 6.195 Thread 0x0000020149a04a30 
Event: 13.256 Thread 0x0000020149a04a30 
Event: 13.287 Thread 0x0000020149a04a30 
Event: 13.293 Thread 0x0000020149a04a30 
Event: 13.300 

No events



 